<?xml version="1.0" encoding="UTF-8"?>
<testsuite xmlns:xsi="http://www.w3.org/2001/XMLSchema-instance" xsi:noNamespaceSchemaLocation="https://maven.apache.org/surefire/maven-surefire-plugin/xsd/surefire-test-report.xsd" version="3.0.2" name="pe.edu.vallegrande.vgmsinstitutionmanagement.VgMsInstitutionManagementApplicationTests" time="6.69" tests="1" errors="0" skipped="0" failures="0">
  <properties>
[...]
</properties>
  <testcase name="contextLoads" classname="pe.edu.vallegrande.vgmsinstitutionmanagement.VgMsInstitutionManagementApplicationTests" time="0.844">
    <system-out><![CDATA[09:28:06.632 [main] INFO org.springframework.test.context.support.AnnotationConfigContextLoaderUtils -- Could not detect default configuration classes for test class [pe.edu.vallegrande.vgmsinstitutionmanagement.VgMsInstitutionManagementApplicationTests]: VgMsInstitutionManagementApplicationTests does not declare any static, non-private, non-final, nested classes annotated with @Configuration.
09:28:06.850 [main] INFO org.springframework.boot.test.context.SpringBootTestContextBootstrapper -- Found @SpringBootConfiguration pe.edu.vallegrande.vgmsinstitutionmanagement.VgMsInstitutionManagementApplication for test class pe.edu.vallegrande.vgmsinstitutionmanagement.VgMsInstitutionManagementApplicationTests
09:28:07.093 [main] INFO org.springframework.boot.devtools.restart.RestartApplicationListener -- Restart disabled due to context in which it is running

  .   ____          _            __ _ _
 /\\ / ___'_ __ _ _(_)_ __  __ _ \ \ \ \
( ( )\___ | '_ | '_| | '_ \/ _` | \ \ \ \
 \\/  ___)| |_)| | | | | || (_| |  ) ) ) )
  '  |____| .__|_| |_|_| |_\__, | / / / /
 =========|_|==============|___/=/_/_/_/

 :: Spring Boot ::                (v3.5.6)

2025-12-05T09:28:07.585Z  INFO 7323 --- [vg-ms-institution-management] [           main] gMsInstitutionManagementApplicationTests : Starting VgMsInstitutionManagementApplicationTests using Java 17.0.11 with PID 7323 (started by codespace in /workspaces/vg-ms-institution-management)
2025-12-05T09:28:07.589Z  INFO 7323 --- [vg-ms-institution-management] [           main] gMsInstitutionManagementApplicationTests : No active profile set, falling back to 1 default profile: "default"
2025-12-05T09:28:09.023Z  INFO 7323 --- [vg-ms-institution-management] [           main] .s.d.r.c.RepositoryConfigurationDelegate : Bootstrapping Spring Data Reactive MongoDB repositories in DEFAULT mode.
2025-12-05T09:28:09.223Z  INFO 7323 --- [vg-ms-institution-management] [           main] .s.d.r.c.RepositoryConfigurationDelegate : Finished Spring Data repository scanning in 191 ms. Found 2 Reactive MongoDB repository interfaces.
2025-12-05T09:28:10.139Z  INFO 7323 --- [vg-ms-institution-management] [           main] org.mongodb.driver.client                : MongoClient with metadata {"application": {"name": "SIGEI"}, "driver": {"name": "mongo-java-driver|reactive-streams|spring-boot", "version": "5.5.1"}, "os": {"type": "Linux", "name": "Linux", "architecture": "amd64", "version": "6.8.0-1030-azure"}, "platform": "Java/JetBrains s.r.o./17.0.11+1-b1207.20", "env": {"container": {"runtime": "docker"}}} created with settings MongoClientSettings{readPreference=primary, writeConcern=WriteConcern{w=majority, wTimeout=null ms, journal=null}, retryWrites=true, retryReads=true, readConcern=ReadConcern{level=null}, credential=MongoCredential{mechanism=null, userName='sistemaSigei', source='admin', password=<hidden>, mechanismProperties=<hidden>}, transportSettings=NettyTransportSettings{eventLoopGroup=io.netty.channel.nio.NioEventLoopGroup@70d4f672, socketChannelClass=null, allocator=null, sslContext=null}, commandListeners=[], codecRegistry=ProvidersCodecRegistry{codecProviders=[ValueCodecProvider{}, BsonValueCodecProvider{}, DBRefCodecProvider{}, DBObjectCodecProvider{}, DocumentCodecProvider{}, CollectionCodecProvider{}, IterableCodecProvider{}, MapCodecProvider{}, GeoJsonCodecProvider{}, GridFSFileCodecProvider{}, Jsr310CodecProvider{}, JsonObjectCodecProvider{}, BsonCodecProvider{}, EnumCodecProvider{}, com.mongodb.client.model.mql.ExpressionCodecProvider@68dfda77, com.mongodb.Jep395RecordCodecProvider@50cdfafa, com.mongodb.KotlinCodecProvider@2e952845]}, loggerSettings=LoggerSettings{maxDocumentLength=1000}, clusterSettings={hosts=[127.0.0.1:27017], srvHost=sigei.oub8atq.mongodb.net, srvServiceName=mongodb, mode=MULTIPLE, requiredClusterType=REPLICA_SET, requiredReplicaSetName='atlas-13ewfz-shard-0', serverSelector='null', clusterListeners='[]', serverSelectionTimeout='30000 ms', localThreshold='15 ms'}, socketSettings=SocketSettings{connectTimeoutMS=10000, readTimeoutMS=0, receiveBufferSize=0, proxySettings=ProxySettings{host=null, port=null, username=null, password=null}}, heartbeatSocketSettings=SocketSettings{connectTimeoutMS=10000, readTimeoutMS=10000, receiveBufferSize=0, proxySettings=ProxySettings{host=null, port=null, username=null, password=null}}, connectionPoolSettings=ConnectionPoolSettings{maxSize=100, minSize=0, maxWaitTimeMS=120000, maxConnectionLifeTimeMS=0, maxConnectionIdleTimeMS=0, maintenanceInitialDelayMS=0, maintenanceFrequencyMS=60000, connectionPoolListeners=[], maxConnecting=2}, serverSettings=ServerSettings{heartbeatFrequencyMS=10000, minHeartbeatFrequencyMS=500, serverMonitoringMode=AUTO, serverListeners='[]', serverMonitorListeners='[]'}, sslSettings=SslSettings{enabled=true, invalidHostNameAllowed=false, context=null}, applicationName='SIGEI', compressorList=[], uuidRepresentation=JAVA_LEGACY, serverApi=null, autoEncryptionSettings=null, dnsClient=null, inetAddressResolver=null, contextProvider=null, timeoutMS=null}
2025-12-05T09:28:10.204Z  INFO 7323 --- [vg-ms-institution-management] [atq.mongodb.net] org.mongodb.driver.cluster               : Adding discovered server ac-9lp0kro-shard-00-02.oub8atq.mongodb.net:27017 to client view of cluster
2025-12-05T09:28:10.270Z  INFO 7323 --- [vg-ms-institution-management] [atq.mongodb.net] org.mongodb.driver.cluster               : Adding discovered server ac-9lp0kro-shard-00-01.oub8atq.mongodb.net:27017 to client view of cluster
2025-12-05T09:28:10.284Z  INFO 7323 --- [vg-ms-institution-management] [atq.mongodb.net] org.mongodb.driver.cluster               : Adding discovered server ac-9lp0kro-shard-00-00.oub8atq.mongodb.net:27017 to client view of cluster
2025-12-05T09:28:11.941Z  INFO 7323 --- [vg-ms-institution-management] [ngodb.net:27017] org.mongodb.driver.cluster               : Monitor thread successfully connected to server with description ServerDescription{address=ac-9lp0kro-shard-00-02.oub8atq.mongodb.net:27017, type=REPLICA_SET_SECONDARY, cryptd=false, state=CONNECTED, ok=true, minWireVersion=0, maxWireVersion=25, maxDocumentSize=16777216, logicalSessionTimeoutMinutes=30, roundTripTimeNanos=885927701, minRoundTripTimeNanos=0, setName='atlas-13ewfz-shard-0', canonicalAddress=ac-9lp0kro-shard-00-02.oub8atq.mongodb.net:27017, hosts=[ac-9lp0kro-shard-00-01.oub8atq.mongodb.net:27017, ac-9lp0kro-shard-00-02.oub8atq.mongodb.net:27017, ac-9lp0kro-shard-00-00.oub8atq.mongodb.net:27017], passives=[], arbiters=[], primary='ac-9lp0kro-shard-00-01.oub8atq.mongodb.net:27017', tagSet=TagSet{[Tag{name='availabilityZone', value='sae1-az2'}, Tag{name='diskState', value='READY'}, Tag{name='nodeType', value='ELECTABLE'}, Tag{name='provider', value='AWS'}, Tag{name='region', value='SA_EAST_1'}, Tag{name='workloadType', value='OPERATIONAL'}]}, electionId=null, setVersion=364, topologyVersion=TopologyVersion{processId=691e16c301ff58342247fff0, counter=3}, lastWriteDate=Fri Dec 05 09:28:11 UTC 2025, lastUpdateTimeNanos=4792034022377}
2025-12-05T09:28:11.942Z  INFO 7323 --- [vg-ms-institution-management] [ngodb.net:27017] org.mongodb.driver.cluster               : Monitor thread successfully connected to server with description ServerDescription{address=ac-9lp0kro-shard-00-00.oub8atq.mongodb.net:27017, type=REPLICA_SET_SECONDARY, cryptd=false, state=CONNECTED, ok=true, minWireVersion=0, maxWireVersion=25, maxDocumentSize=16777216, logicalSessionTimeoutMinutes=30, roundTripTimeNanos=895322710, minRoundTripTimeNanos=0, setName='atlas-13ewfz-shard-0', canonicalAddress=ac-9lp0kro-shard-00-00.oub8atq.mongodb.net:27017, hosts=[ac-9lp0kro-shard-00-01.oub8atq.mongodb.net:27017, ac-9lp0kro-shard-00-02.oub8atq.mongodb.net:27017, ac-9lp0kro-shard-00-00.oub8atq.mongodb.net:27017], passives=[], arbiters=[], primary='ac-9lp0kro-shard-00-01.oub8atq.mongodb.net:27017', tagSet=TagSet{[Tag{name='availabilityZone', value='sae1-az1'}, Tag{name='diskState', value='READY'}, Tag{name='nodeType', value='ELECTABLE'}, Tag{name='provider', value='AWS'}, Tag{name='region', value='SA_EAST_1'}, Tag{name='workloadType', value='OPERATIONAL'}]}, electionId=null, setVersion=364, topologyVersion=TopologyVersion{processId=691e10cae6b27fc139330c19, counter=4}, lastWriteDate=Fri Dec 05 09:28:11 UTC 2025, lastUpdateTimeNanos=4792033708031}
2025-12-05T09:28:11.942Z  INFO 7323 --- [vg-ms-institution-management] [ngodb.net:27017] org.mongodb.driver.cluster               : Monitor thread successfully connected to server with description ServerDescription{address=ac-9lp0kro-shard-00-01.oub8atq.mongodb.net:27017, type=REPLICA_SET_PRIMARY, cryptd=false, state=CONNECTED, ok=true, minWireVersion=0, maxWireVersion=25, maxDocumentSize=16777216, logicalSessionTimeoutMinutes=30, roundTripTimeNanos=890285342, minRoundTripTimeNanos=0, setName='atlas-13ewfz-shard-0', canonicalAddress=ac-9lp0kro-shard-00-01.oub8atq.mongodb.net:27017, hosts=[ac-9lp0kro-shard-00-01.oub8atq.mongodb.net:27017, ac-9lp0kro-shard-00-02.oub8atq.mongodb.net:27017, ac-9lp0kro-shard-00-00.oub8atq.mongodb.net:27017], passives=[], arbiters=[], primary='ac-9lp0kro-shard-00-01.oub8atq.mongodb.net:27017', tagSet=TagSet{[Tag{name='availabilityZone', value='sae1-az3'}, Tag{name='diskState', value='READY'}, Tag{name='nodeType', value='ELECTABLE'}, Tag{name='provider', value='AWS'}, Tag{name='region', value='SA_EAST_1'}, Tag{name='workloadType', value='OPERATIONAL'}]}, electionId=7fffffff000000000000018d, setVersion=364, topologyVersion=TopologyVersion{processId=691e13c01408f9a3af88a1d6, counter=6}, lastWriteDate=Fri Dec 05 09:28:11 UTC 2025, lastUpdateTimeNanos=4792032452511}
2025-12-05T09:28:11.996Z  INFO 7323 --- [vg-ms-institution-management] [ngodb.net:27017] org.mongodb.driver.cluster               : Discovered replica set primary ac-9lp0kro-shard-00-01.oub8atq.mongodb.net:27017 with max election id 7fffffff000000000000018d and max set version 364
2025-12-05T09:28:12.253Z  INFO 7323 --- [vg-ms-institution-management] [           main] gMsInstitutionManagementApplicationTests : Started VgMsInstitutionManagementApplicationTests in 5.192 seconds (process running for 6.985)
]]></system-out>
  </testcase>
</testsuite>